============================= test session starts ==============================
platform darwin -- Python 3.14.6, pytest-9.1.1, pluggy-1.6.0 -- /Users/orctur/PycharmProjects/rag_runtime_api/.venv/bin/python
cachedir: .pytest_cache
rootdir: /Users/orctur/PycharmProjects/rag_runtime_api
configfile: pytest.ini
plugins: cov-7.1.0, asyncio-1.4.0, anyio-4.14.2
asyncio: mode=Mode.STRICT, debug=False, asyncio_default_fixture_loop_scope=None, asyncio_default_test_loop_scope=function
collecting ... collected 11 items

tests/integration/test_feedback_api.py::test_submit_human_feedback_success ERROR [  9%]
tests/integration/test_outbox_publisher.py::test_outbox_publisher_processes_pending_events ERROR [ 18%]
tests/test_runs_router.py::test_create_run_success ERROR                 [ 27%]
tests/test_runs_router.py::test_create_run_validation_error ERROR        [ 36%]
tests/test_runs_router.py::test_get_run_status ERROR                     [ 45%]
tests/test_runs_router.py::test_cancel_run ERROR                         [ 54%]
tests/test_runs_router.py::test_stream_run_sse ERROR                     [ 63%]
tests/unit/test_active_model_provider.py::test_artifact_loader_sha256_mismatch ERROR [ 72%]
tests/unit/test_active_model_provider.py::test_artifact_loader_sha256_success ERROR [ 81%]
tests/unit/test_evidence_validator.py::test_evidence_validation_success ERROR [ 90%]
tests/unit/test_evidence_validator.py::test_evidence_validation_hallucination_raises_exception ERROR [100%]

==================================== ERRORS ====================================
_____________ ERROR at setup of test_submit_human_feedback_success _____________
'test_submit_human_feedback_success' requested an async fixture 'setup_database' with autouse=True, with no plugin or hook that handled it. This is an error, as pytest does not natively support it.
See: https://docs.pytest.org/en/stable/deprecations.html#sync-test-depending-on-async-fixture
_______ ERROR at setup of test_outbox_publisher_processes_pending_events _______

self = <Coroutine test_outbox_publisher_processes_pending_events>

    def setup(self) -> None:
        runner_fixture_id = f"_{self._loop_scope}_scoped_runner"
        if runner_fixture_id not in self.fixturenames:
            self.fixturenames.append(runner_fixture_id)
        # When loop factories are configured, resolve the loop factory
        # fixture early so that a factory variant change cascades cache
        # invalidation before any async fixture checks its cache.
        hook_caller = self.config.hook.pytest_asyncio_loop_factories
        if hook_caller.get_hookimpls():
            _ = self._request.getfixturevalue(_asyncio_loop_factory.__name__)
>       return super().setup()
               ^^^^^^^^^^^^^^^
E       AssertionError

.venv/lib/python3.14/site-packages/pytest_asyncio/plugin.py:558: AssertionError
__________________ ERROR at setup of test_create_run_success ___________________

self = <Coroutine test_create_run_success>

    def setup(self) -> None:
        runner_fixture_id = f"_{self._loop_scope}_scoped_runner"
        if runner_fixture_id not in self.fixturenames:
            self.fixturenames.append(runner_fixture_id)
        # When loop factories are configured, resolve the loop factory
        # fixture early so that a factory variant change cascades cache
        # invalidation before any async fixture checks its cache.
        hook_caller = self.config.hook.pytest_asyncio_loop_factories
        if hook_caller.get_hookimpls():
            _ = self._request.getfixturevalue(_asyncio_loop_factory.__name__)
>       return super().setup()
               ^^^^^^^^^^^^^^^
E       AssertionError

.venv/lib/python3.14/site-packages/pytest_asyncio/plugin.py:558: AssertionError
______________ ERROR at setup of test_create_run_validation_error ______________

self = <Coroutine test_create_run_validation_error>

    def setup(self) -> None:
        runner_fixture_id = f"_{self._loop_scope}_scoped_runner"
        if runner_fixture_id not in self.fixturenames:
            self.fixturenames.append(runner_fixture_id)
        # When loop factories are configured, resolve the loop factory
        # fixture early so that a factory variant change cascades cache
        # invalidation before any async fixture checks its cache.
        hook_caller = self.config.hook.pytest_asyncio_loop_factories
        if hook_caller.get_hookimpls():
            _ = self._request.getfixturevalue(_asyncio_loop_factory.__name__)
>       return super().setup()
               ^^^^^^^^^^^^^^^
E       AssertionError

.venv/lib/python3.14/site-packages/pytest_asyncio/plugin.py:558: AssertionError
____________________ ERROR at setup of test_get_run_status _____________________

self = <Coroutine test_get_run_status>

    def setup(self) -> None:
        runner_fixture_id = f"_{self._loop_scope}_scoped_runner"
        if runner_fixture_id not in self.fixturenames:
            self.fixturenames.append(runner_fixture_id)
        # When loop factories are configured, resolve the loop factory
        # fixture early so that a factory variant change cascades cache
        # invalidation before any async fixture checks its cache.
        hook_caller = self.config.hook.pytest_asyncio_loop_factories
        if hook_caller.get_hookimpls():
            _ = self._request.getfixturevalue(_asyncio_loop_factory.__name__)
>       return super().setup()
               ^^^^^^^^^^^^^^^
E       AssertionError

.venv/lib/python3.14/site-packages/pytest_asyncio/plugin.py:558: AssertionError
______________________ ERROR at setup of test_cancel_run _______________________

self = <Coroutine test_cancel_run>

    def setup(self) -> None:
        runner_fixture_id = f"_{self._loop_scope}_scoped_runner"
        if runner_fixture_id not in self.fixturenames:
            self.fixturenames.append(runner_fixture_id)
        # When loop factories are configured, resolve the loop factory
        # fixture early so that a factory variant change cascades cache
        # invalidation before any async fixture checks its cache.
        hook_caller = self.config.hook.pytest_asyncio_loop_factories
        if hook_caller.get_hookimpls():
            _ = self._request.getfixturevalue(_asyncio_loop_factory.__name__)
>       return super().setup()
               ^^^^^^^^^^^^^^^
E       AssertionError

.venv/lib/python3.14/site-packages/pytest_asyncio/plugin.py:558: AssertionError
____________________ ERROR at setup of test_stream_run_sse _____________________

self = <Coroutine test_stream_run_sse>

    def setup(self) -> None:
        runner_fixture_id = f"_{self._loop_scope}_scoped_runner"
        if runner_fixture_id not in self.fixturenames:
            self.fixturenames.append(runner_fixture_id)
        # When loop factories are configured, resolve the loop factory
        # fixture early so that a factory variant change cascades cache
        # invalidation before any async fixture checks its cache.
        hook_caller = self.config.hook.pytest_asyncio_loop_factories
        if hook_caller.get_hookimpls():
            _ = self._request.getfixturevalue(_asyncio_loop_factory.__name__)
>       return super().setup()
               ^^^^^^^^^^^^^^^
E       AssertionError

.venv/lib/python3.14/site-packages/pytest_asyncio/plugin.py:558: AssertionError
____________ ERROR at setup of test_artifact_loader_sha256_mismatch ____________

cls = <class '_pytest.runner.CallInfo'>
func = <function call_and_report.<locals>.<lambda> at 0x10ec90e00>
when = 'setup'
reraise = (<class '_pytest.outcomes.Exit'>, <class 'KeyboardInterrupt'>)

    @classmethod
    def from_call(
        cls,
        func: Callable[[], TResult],
        when: Literal["collect", "setup", "call", "teardown"],
        reraise: type[BaseException] | tuple[type[BaseException], ...] | None = None,
    ) -> CallInfo[TResult]:
        """Call func, wrapping the result in a CallInfo.
    
        :param func:
            The function to call. Called without arguments.
        :type func: Callable[[], _pytest.runner.TResult]
        :param when:
            The phase in which the function is called.
        :param reraise:
            Exception or exceptions that shall propagate if raised by the
            function, instead of being wrapped in the CallInfo.
        """
        excinfo = None
        instant = timing.Instant()
        try:
>           result: TResult | None = func()
                                     ^^^^^^

.venv/lib/python3.14/site-packages/_pytest/runner.py:361: 
_ _ _ _ _ _ _ _ _ _ _ _ _ _ _ _ _ _ _ _ _ _ _ _ _ _ _ _ _ _ _ _ _ _ _ _ _ _ _ _ 
.venv/lib/python3.14/site-packages/_pytest/runner.py:250: in <lambda>
    lambda: runtest_hook(item=item, **kwds),
            ^^^^^^^^^^^^^^^^^^^^^^^^^^^^^^^
.venv/lib/python3.14/site-packages/pluggy/_hooks.py:512: in __call__
    return self._hookexec(self.name, self._hookimpls.copy(), kwargs, firstresult)
           ^^^^^^^^^^^^^^^^^^^^^^^^^^^^^^^^^^^^^^^^^^^^^^^^^^^^^^^^^^^^^^^^^^^^^^
.venv/lib/python3.14/site-packages/pluggy/_manager.py:120: in _hookexec
    return self._inner_hookexec(hook_name, methods, kwargs, firstresult)
           ^^^^^^^^^^^^^^^^^^^^^^^^^^^^^^^^^^^^^^^^^^^^^^^^^^^^^^^^^^^^^
.venv/lib/python3.14/site-packages/_pytest/logging.py:858: in pytest_runtest_setup
    yield
.venv/lib/python3.14/site-packages/_pytest/capture.py:895: in pytest_runtest_setup
    return (yield)
            ^^^^^
.venv/lib/python3.14/site-packages/_pytest/runner.py:170: in pytest_runtest_setup
    item.session._setupstate.setup(item)
.venv/lib/python3.14/site-packages/_pytest/runner.py:536: in setup
    col.setup()
.venv/lib/python3.14/site-packages/_pytest/python.py:1710: in setup
    self._request._fillfixtures()
.venv/lib/python3.14/site-packages/_pytest/fixtures.py:806: in _fillfixtures
    item.funcargs[argname] = self.getfixturevalue(argname)
                             ^^^^^^^^^^^^^^^^^^^^^^^^^^^^^
.venv/lib/python3.14/site-packages/_pytest/fixtures.py:630: in getfixturevalue
    fixturedef = self._get_active_fixturedef(argname)
                 ^^^^^^^^^^^^^^^^^^^^^^^^^^^^^^^^^^^^
.venv/lib/python3.14/site-packages/_pytest/fixtures.py:726: in _get_active_fixturedef
    fixturedef.execute(request=subrequest)
_ _ _ _ _ _ _ _ _ _ _ _ _ _ _ _ _ _ _ _ _ _ _ _ _ _ _ _ _ _ _ _ _ _ _ _ _ _ _ _ 

self = <FixtureDef argname='setup_database' scope='function' baseid='tests'>
request = <SubRequest 'setup_database' for <Function test_artifact_loader_sha256_mismatch>>

    def execute(self, request: SubRequest) -> FixtureValue:
        """Return the value of this fixture, executing it if not cached."""
        # Ensure that the dependent fixtures requested by this fixture are loaded.
        # This needs to be done before checking if we have a cached value, since
        # if a dependent fixture has their cache invalidated, e.g. due to
        # parametrization, they finalize themselves and fixtures depending on it
        # (which will likely include this fixture) setting `self.cached_result = None`.
        # See #4871
        requested_fixtures_that_should_finalize_us = []
        for argname in self.argnames:
            fixturedef = request._get_active_fixturedef(argname)
            # Saves requested fixtures in a list so we later can add our finalizer
            # to them, ensuring that if a requested fixture gets torn down we get torn
            # down first. This is generally handled by SetupState, but still currently
            # needed when this fixture is not parametrized but depends on a parametrized
            # fixture.
            requested_fixtures_that_should_finalize_us.append(fixturedef)
    
        # Check for (and return) cached value/exception.
        if self.cached_result is not None:
            request_cache_key = self.cache_key(request)
            cache_key = self.cached_result[1]
            try:
                # Attempt to make a normal == check: this might fail for objects
                # which do not implement the standard comparison (like numpy arrays -- #6497).
                cache_hit = bool(request_cache_key == cache_key)
            except (ValueError, RuntimeError):
                # If the comparison raises, use 'is' as fallback.
                cache_hit = request_cache_key is cache_key
    
            if cache_hit:
                if self.cached_result[2] is not None:
                    exc, exc_tb = self.cached_result[2]
                    raise exc.with_traceback(exc_tb)
                else:
                    return self.cached_result[0]
            # We have a previous but differently parametrized fixture instance
            # so we need to tear it down before creating a new one.
            self.finish(request)
            assert self.cached_result is None
    
        # Add finalizer to requested fixtures we saved previously.
        # We make sure to do this after checking for cached value to avoid
        # adding our finalizer multiple times. (#12135)
        finalizer = functools.partial(self.finish, request=request)
        for parent_fixture in requested_fixtures_that_should_finalize_us:
            parent_fixture.addfinalizer(finalizer)
    
        # Register the pytest_fixture_post_finalizer as the first finalizer,
        # which is executed last.
>       assert not self._finalizers
               ^^^^^^^^^^^^^^^^^^^^
E       AssertionError

.venv/lib/python3.14/site-packages/_pytest/fixtures.py:1221: AssertionError
____________ ERROR at setup of test_artifact_loader_sha256_success _____________

cls = <class '_pytest.runner.CallInfo'>
func = <function call_and_report.<locals>.<lambda> at 0x10ec02350>
when = 'setup'
reraise = (<class '_pytest.outcomes.Exit'>, <class 'KeyboardInterrupt'>)

    @classmethod
    def from_call(
        cls,
        func: Callable[[], TResult],
        when: Literal["collect", "setup", "call", "teardown"],
        reraise: type[BaseException] | tuple[type[BaseException], ...] | None = None,
    ) -> CallInfo[TResult]:
        """Call func, wrapping the result in a CallInfo.
    
        :param func:
            The function to call. Called without arguments.
        :type func: Callable[[], _pytest.runner.TResult]
        :param when:
            The phase in which the function is called.
        :param reraise:
            Exception or exceptions that shall propagate if raised by the
            function, instead of being wrapped in the CallInfo.
        """
        excinfo = None
        instant = timing.Instant()
        try:
>           result: TResult | None = func()
                                     ^^^^^^

.venv/lib/python3.14/site-packages/_pytest/runner.py:361: 
_ _ _ _ _ _ _ _ _ _ _ _ _ _ _ _ _ _ _ _ _ _ _ _ _ _ _ _ _ _ _ _ _ _ _ _ _ _ _ _ 
.venv/lib/python3.14/site-packages/_pytest/runner.py:250: in <lambda>
    lambda: runtest_hook(item=item, **kwds),
            ^^^^^^^^^^^^^^^^^^^^^^^^^^^^^^^
.venv/lib/python3.14/site-packages/pluggy/_hooks.py:512: in __call__
    return self._hookexec(self.name, self._hookimpls.copy(), kwargs, firstresult)
           ^^^^^^^^^^^^^^^^^^^^^^^^^^^^^^^^^^^^^^^^^^^^^^^^^^^^^^^^^^^^^^^^^^^^^^
.venv/lib/python3.14/site-packages/pluggy/_manager.py:120: in _hookexec
    return self._inner_hookexec(hook_name, methods, kwargs, firstresult)
           ^^^^^^^^^^^^^^^^^^^^^^^^^^^^^^^^^^^^^^^^^^^^^^^^^^^^^^^^^^^^^
.venv/lib/python3.14/site-packages/_pytest/logging.py:858: in pytest_runtest_setup
    yield
.venv/lib/python3.14/site-packages/_pytest/capture.py:895: in pytest_runtest_setup
    return (yield)
            ^^^^^
.venv/lib/python3.14/site-packages/_pytest/runner.py:170: in pytest_runtest_setup
    item.session._setupstate.setup(item)
.venv/lib/python3.14/site-packages/_pytest/runner.py:536: in setup
    col.setup()
.venv/lib/python3.14/site-packages/_pytest/python.py:1710: in setup
    self._request._fillfixtures()
.venv/lib/python3.14/site-packages/_pytest/fixtures.py:806: in _fillfixtures
    item.funcargs[argname] = self.getfixturevalue(argname)
                             ^^^^^^^^^^^^^^^^^^^^^^^^^^^^^
.venv/lib/python3.14/site-packages/_pytest/fixtures.py:630: in getfixturevalue
    fixturedef = self._get_active_fixturedef(argname)
                 ^^^^^^^^^^^^^^^^^^^^^^^^^^^^^^^^^^^^
.venv/lib/python3.14/site-packages/_pytest/fixtures.py:726: in _get_active_fixturedef
    fixturedef.execute(request=subrequest)
_ _ _ _ _ _ _ _ _ _ _ _ _ _ _ _ _ _ _ _ _ _ _ _ _ _ _ _ _ _ _ _ _ _ _ _ _ _ _ _ 

self = <FixtureDef argname='setup_database' scope='function' baseid='tests'>
request = <SubRequest 'setup_database' for <Function test_artifact_loader_sha256_success>>

    def execute(self, request: SubRequest) -> FixtureValue:
        """Return the value of this fixture, executing it if not cached."""
        # Ensure that the dependent fixtures requested by this fixture are loaded.
        # This needs to be done before checking if we have a cached value, since
        # if a dependent fixture has their cache invalidated, e.g. due to
        # parametrization, they finalize themselves and fixtures depending on it
        # (which will likely include this fixture) setting `self.cached_result = None`.
        # See #4871
        requested_fixtures_that_should_finalize_us = []
        for argname in self.argnames:
            fixturedef = request._get_active_fixturedef(argname)
            # Saves requested fixtures in a list so we later can add our finalizer
            # to them, ensuring that if a requested fixture gets torn down we get torn
            # down first. This is generally handled by SetupState, but still currently
            # needed when this fixture is not parametrized but depends on a parametrized
            # fixture.
            requested_fixtures_that_should_finalize_us.append(fixturedef)
    
        # Check for (and return) cached value/exception.
        if self.cached_result is not None:
            request_cache_key = self.cache_key(request)
            cache_key = self.cached_result[1]
            try:
                # Attempt to make a normal == check: this might fail for objects
                # which do not implement the standard comparison (like numpy arrays -- #6497).
                cache_hit = bool(request_cache_key == cache_key)
            except (ValueError, RuntimeError):
                # If the comparison raises, use 'is' as fallback.
                cache_hit = request_cache_key is cache_key
    
            if cache_hit:
                if self.cached_result[2] is not None:
                    exc, exc_tb = self.cached_result[2]
                    raise exc.with_traceback(exc_tb)
                else:
                    return self.cached_result[0]
            # We have a previous but differently parametrized fixture instance
            # so we need to tear it down before creating a new one.
            self.finish(request)
            assert self.cached_result is None
    
        # Add finalizer to requested fixtures we saved previously.
        # We make sure to do this after checking for cached value to avoid
        # adding our finalizer multiple times. (#12135)
        finalizer = functools.partial(self.finish, request=request)
        for parent_fixture in requested_fixtures_that_should_finalize_us:
            parent_fixture.addfinalizer(finalizer)
    
        # Register the pytest_fixture_post_finalizer as the first finalizer,
        # which is executed last.
>       assert not self._finalizers
               ^^^^^^^^^^^^^^^^^^^^
E       AssertionError

.venv/lib/python3.14/site-packages/_pytest/fixtures.py:1221: AssertionError
______________ ERROR at setup of test_evidence_validation_success ______________

cls = <class '_pytest.runner.CallInfo'>
func = <function call_and_report.<locals>.<lambda> at 0x10ec91d20>
when = 'setup'
reraise = (<class '_pytest.outcomes.Exit'>, <class 'KeyboardInterrupt'>)

    @classmethod
    def from_call(
        cls,
        func: Callable[[], TResult],
        when: Literal["collect", "setup", "call", "teardown"],
        reraise: type[BaseException] | tuple[type[BaseException], ...] | None = None,
    ) -> CallInfo[TResult]:
        """Call func, wrapping the result in a CallInfo.
    
        :param func:
            The function to call. Called without arguments.
        :type func: Callable[[], _pytest.runner.TResult]
        :param when:
            The phase in which the function is called.
        :param reraise:
            Exception or exceptions that shall propagate if raised by the
            function, instead of being wrapped in the CallInfo.
        """
        excinfo = None
        instant = timing.Instant()
        try:
>           result: TResult | None = func()
                                     ^^^^^^

.venv/lib/python3.14/site-packages/_pytest/runner.py:361: 
_ _ _ _ _ _ _ _ _ _ _ _ _ _ _ _ _ _ _ _ _ _ _ _ _ _ _ _ _ _ _ _ _ _ _ _ _ _ _ _ 
.venv/lib/python3.14/site-packages/_pytest/runner.py:250: in <lambda>
    lambda: runtest_hook(item=item, **kwds),
            ^^^^^^^^^^^^^^^^^^^^^^^^^^^^^^^
.venv/lib/python3.14/site-packages/pluggy/_hooks.py:512: in __call__
    return self._hookexec(self.name, self._hookimpls.copy(), kwargs, firstresult)
           ^^^^^^^^^^^^^^^^^^^^^^^^^^^^^^^^^^^^^^^^^^^^^^^^^^^^^^^^^^^^^^^^^^^^^^
.venv/lib/python3.14/site-packages/pluggy/_manager.py:120: in _hookexec
    return self._inner_hookexec(hook_name, methods, kwargs, firstresult)
           ^^^^^^^^^^^^^^^^^^^^^^^^^^^^^^^^^^^^^^^^^^^^^^^^^^^^^^^^^^^^^
.venv/lib/python3.14/site-packages/_pytest/logging.py:858: in pytest_runtest_setup
    yield
.venv/lib/python3.14/site-packages/_pytest/capture.py:895: in pytest_runtest_setup
    return (yield)
            ^^^^^
.venv/lib/python3.14/site-packages/_pytest/runner.py:170: in pytest_runtest_setup
    item.session._setupstate.setup(item)
.venv/lib/python3.14/site-packages/_pytest/runner.py:536: in setup
    col.setup()
.venv/lib/python3.14/site-packages/_pytest/python.py:1710: in setup
    self._request._fillfixtures()
.venv/lib/python3.14/site-packages/_pytest/fixtures.py:806: in _fillfixtures
    item.funcargs[argname] = self.getfixturevalue(argname)
                             ^^^^^^^^^^^^^^^^^^^^^^^^^^^^^
.venv/lib/python3.14/site-packages/_pytest/fixtures.py:630: in getfixturevalue
    fixturedef = self._get_active_fixturedef(argname)
                 ^^^^^^^^^^^^^^^^^^^^^^^^^^^^^^^^^^^^
.venv/lib/python3.14/site-packages/_pytest/fixtures.py:726: in _get_active_fixturedef
    fixturedef.execute(request=subrequest)
_ _ _ _ _ _ _ _ _ _ _ _ _ _ _ _ _ _ _ _ _ _ _ _ _ _ _ _ _ _ _ _ _ _ _ _ _ _ _ _ 

self = <FixtureDef argname='setup_database' scope='function' baseid='tests'>
request = <SubRequest 'setup_database' for <Function test_evidence_validation_success>>

    def execute(self, request: SubRequest) -> FixtureValue:
        """Return the value of this fixture, executing it if not cached."""
        # Ensure that the dependent fixtures requested by this fixture are loaded.
        # This needs to be done before checking if we have a cached value, since
        # if a dependent fixture has their cache invalidated, e.g. due to
        # parametrization, they finalize themselves and fixtures depending on it
        # (which will likely include this fixture) setting `self.cached_result = None`.
        # See #4871
        requested_fixtures_that_should_finalize_us = []
        for argname in self.argnames:
            fixturedef = request._get_active_fixturedef(argname)
            # Saves requested fixtures in a list so we later can add our finalizer
            # to them, ensuring that if a requested fixture gets torn down we get torn
            # down first. This is generally handled by SetupState, but still currently
            # needed when this fixture is not parametrized but depends on a parametrized
            # fixture.
            requested_fixtures_that_should_finalize_us.append(fixturedef)
    
        # Check for (and return) cached value/exception.
        if self.cached_result is not None:
            request_cache_key = self.cache_key(request)
            cache_key = self.cached_result[1]
            try:
                # Attempt to make a normal == check: this might fail for objects
                # which do not implement the standard comparison (like numpy arrays -- #6497).
                cache_hit = bool(request_cache_key == cache_key)
            except (ValueError, RuntimeError):
                # If the comparison raises, use 'is' as fallback.
                cache_hit = request_cache_key is cache_key
    
            if cache_hit:
                if self.cached_result[2] is not None:
                    exc, exc_tb = self.cached_result[2]
                    raise exc.with_traceback(exc_tb)
                else:
                    return self.cached_result[0]
            # We have a previous but differently parametrized fixture instance
            # so we need to tear it down before creating a new one.
            self.finish(request)
            assert self.cached_result is None
    
        # Add finalizer to requested fixtures we saved previously.
        # We make sure to do this after checking for cached value to avoid
        # adding our finalizer multiple times. (#12135)
        finalizer = functools.partial(self.finish, request=request)
        for parent_fixture in requested_fixtures_that_should_finalize_us:
            parent_fixture.addfinalizer(finalizer)
    
        # Register the pytest_fixture_post_finalizer as the first finalizer,
        # which is executed last.
>       assert not self._finalizers
               ^^^^^^^^^^^^^^^^^^^^
E       AssertionError

.venv/lib/python3.14/site-packages/_pytest/fixtures.py:1221: AssertionError
__ ERROR at setup of test_evidence_validation_hallucination_raises_exception ___

cls = <class '_pytest.runner.CallInfo'>
func = <function call_and_report.<locals>.<lambda> at 0x10ec91220>
when = 'setup'
reraise = (<class '_pytest.outcomes.Exit'>, <class 'KeyboardInterrupt'>)

    @classmethod
    def from_call(
        cls,
        func: Callable[[], TResult],
        when: Literal["collect", "setup", "call", "teardown"],
        reraise: type[BaseException] | tuple[type[BaseException], ...] | None = None,
    ) -> CallInfo[TResult]:
        """Call func, wrapping the result in a CallInfo.
    
        :param func:
            The function to call. Called without arguments.
        :type func: Callable[[], _pytest.runner.TResult]
        :param when:
            The phase in which the function is called.
        :param reraise:
            Exception or exceptions that shall propagate if raised by the
            function, instead of being wrapped in the CallInfo.
        """
        excinfo = None
        instant = timing.Instant()
        try:
>           result: TResult | None = func()
                                     ^^^^^^

.venv/lib/python3.14/site-packages/_pytest/runner.py:361: 
_ _ _ _ _ _ _ _ _ _ _ _ _ _ _ _ _ _ _ _ _ _ _ _ _ _ _ _ _ _ _ _ _ _ _ _ _ _ _ _ 
.venv/lib/python3.14/site-packages/_pytest/runner.py:250: in <lambda>
    lambda: runtest_hook(item=item, **kwds),
            ^^^^^^^^^^^^^^^^^^^^^^^^^^^^^^^
.venv/lib/python3.14/site-packages/pluggy/_hooks.py:512: in __call__
    return self._hookexec(self.name, self._hookimpls.copy(), kwargs, firstresult)
           ^^^^^^^^^^^^^^^^^^^^^^^^^^^^^^^^^^^^^^^^^^^^^^^^^^^^^^^^^^^^^^^^^^^^^^
.venv/lib/python3.14/site-packages/pluggy/_manager.py:120: in _hookexec
    return self._inner_hookexec(hook_name, methods, kwargs, firstresult)
           ^^^^^^^^^^^^^^^^^^^^^^^^^^^^^^^^^^^^^^^^^^^^^^^^^^^^^^^^^^^^^
.venv/lib/python3.14/site-packages/_pytest/logging.py:858: in pytest_runtest_setup
    yield
.venv/lib/python3.14/site-packages/_pytest/capture.py:895: in pytest_runtest_setup
    return (yield)
            ^^^^^
.venv/lib/python3.14/site-packages/_pytest/runner.py:170: in pytest_runtest_setup
    item.session._setupstate.setup(item)
.venv/lib/python3.14/site-packages/_pytest/runner.py:536: in setup
    col.setup()
.venv/lib/python3.14/site-packages/_pytest/python.py:1710: in setup
    self._request._fillfixtures()
.venv/lib/python3.14/site-packages/_pytest/fixtures.py:806: in _fillfixtures
    item.funcargs[argname] = self.getfixturevalue(argname)
                             ^^^^^^^^^^^^^^^^^^^^^^^^^^^^^
.venv/lib/python3.14/site-packages/_pytest/fixtures.py:630: in getfixturevalue
    fixturedef = self._get_active_fixturedef(argname)
                 ^^^^^^^^^^^^^^^^^^^^^^^^^^^^^^^^^^^^
.venv/lib/python3.14/site-packages/_pytest/fixtures.py:726: in _get_active_fixturedef
    fixturedef.execute(request=subrequest)
_ _ _ _ _ _ _ _ _ _ _ _ _ _ _ _ _ _ _ _ _ _ _ _ _ _ _ _ _ _ _ _ _ _ _ _ _ _ _ _ 

self = <FixtureDef argname='setup_database' scope='function' baseid='tests'>
request = <SubRequest 'setup_database' for <Function test_evidence_validation_hallucination_raises_exception>>

    def execute(self, request: SubRequest) -> FixtureValue:
        """Return the value of this fixture, executing it if not cached."""
        # Ensure that the dependent fixtures requested by this fixture are loaded.
        # This needs to be done before checking if we have a cached value, since
        # if a dependent fixture has their cache invalidated, e.g. due to
        # parametrization, they finalize themselves and fixtures depending on it
        # (which will likely include this fixture) setting `self.cached_result = None`.
        # See #4871
        requested_fixtures_that_should_finalize_us = []
        for argname in self.argnames:
            fixturedef = request._get_active_fixturedef(argname)
            # Saves requested fixtures in a list so we later can add our finalizer
            # to them, ensuring that if a requested fixture gets torn down we get torn
            # down first. This is generally handled by SetupState, but still currently
            # needed when this fixture is not parametrized but depends on a parametrized
            # fixture.
            requested_fixtures_that_should_finalize_us.append(fixturedef)
    
        # Check for (and return) cached value/exception.
        if self.cached_result is not None:
            request_cache_key = self.cache_key(request)
            cache_key = self.cached_result[1]
            try:
                # Attempt to make a normal == check: this might fail for objects
                # which do not implement the standard comparison (like numpy arrays -- #6497).
                cache_hit = bool(request_cache_key == cache_key)
            except (ValueError, RuntimeError):
                # If the comparison raises, use 'is' as fallback.
                cache_hit = request_cache_key is cache_key
    
            if cache_hit:
                if self.cached_result[2] is not None:
                    exc, exc_tb = self.cached_result[2]
                    raise exc.with_traceback(exc_tb)
                else:
                    return self.cached_result[0]
            # We have a previous but differently parametrized fixture instance
            # so we need to tear it down before creating a new one.
            self.finish(request)
            assert self.cached_result is None
    
        # Add finalizer to requested fixtures we saved previously.
        # We make sure to do this after checking for cached value to avoid
        # adding our finalizer multiple times. (#12135)
        finalizer = functools.partial(self.finish, request=request)
        for parent_fixture in requested_fixtures_that_should_finalize_us:
            parent_fixture.addfinalizer(finalizer)
    
        # Register the pytest_fixture_post_finalizer as the first finalizer,
        # which is executed last.
>       assert not self._finalizers
               ^^^^^^^^^^^^^^^^^^^^
E       AssertionError

.venv/lib/python3.14/site-packages/_pytest/fixtures.py:1221: AssertionError
=============================== warnings summary ===============================
shared_contracts/events.py:34
  /Users/orctur/PycharmProjects/rag_runtime_api/shared_contracts/events.py:34: PydanticDeprecatedSince20: Using extra keyword arguments on `Field` is deprecated and will be removed. Use `json_schema_extra` instead. (Extra keys: 'freeze'). Deprecated in Pydantic V2.0 to be removed in V3.0. See Pydantic V2 Migration Guide at https://errors.pydantic.dev/2.13/migration/
    event_type: EventType = Field(default=EventType.RUN_STARTED, freeze=True)

shared_contracts/events.py:43
  /Users/orctur/PycharmProjects/rag_runtime_api/shared_contracts/events.py:43: PydanticDeprecatedSince20: Using extra keyword arguments on `Field` is deprecated and will be removed. Use `json_schema_extra` instead. (Extra keys: 'freeze'). Deprecated in Pydantic V2.0 to be removed in V3.0. See Pydantic V2 Migration Guide at https://errors.pydantic.dev/2.13/migration/
    event_type: EventType = Field(default=EventType.STEP_EXECUTED, freeze=True)

shared_contracts/events.py:56
  /Users/orctur/PycharmProjects/rag_runtime_api/shared_contracts/events.py:56: PydanticDeprecatedSince20: Using extra keyword arguments on `Field` is deprecated and will be removed. Use `json_schema_extra` instead. (Extra keys: 'freeze'). Deprecated in Pydantic V2.0 to be removed in V3.0. See Pydantic V2 Migration Guide at https://errors.pydantic.dev/2.13/migration/
    event_type: EventType = Field(default=EventType.EXECUTION_COMPLETED, freeze=True)

shared_contracts/events.py:66
  /Users/orctur/PycharmProjects/rag_runtime_api/shared_contracts/events.py:66: PydanticDeprecatedSince20: Using extra keyword arguments on `Field` is deprecated and will be removed. Use `json_schema_extra` instead. (Extra keys: 'freeze'). Deprecated in Pydantic V2.0 to be removed in V3.0. See Pydantic V2 Migration Guide at https://errors.pydantic.dev/2.13/migration/
    event_type: EventType = Field(default=EventType.EXECUTION_FAILED, freeze=True)

shared_contracts/events.py:75
  /Users/orctur/PycharmProjects/rag_runtime_api/shared_contracts/events.py:75: PydanticDeprecatedSince20: Using extra keyword arguments on `Field` is deprecated and will be removed. Use `json_schema_extra` instead. (Extra keys: 'freeze'). Deprecated in Pydantic V2.0 to be removed in V3.0. See Pydantic V2 Migration Guide at https://errors.pydantic.dev/2.13/migration/
    event_type: EventType = Field(default=EventType.EXECUTION_CANCELLED, freeze=True)

-- Docs: https://docs.pytest.org/en/stable/how-to/capture-warnings.html
=========================== short test summary info ============================
ERROR tests/integration/test_feedback_api.py::test_submit_human_feedback_success
ERROR tests/integration/test_outbox_publisher.py::test_outbox_publisher_processes_pending_events
ERROR tests/test_runs_router.py::test_create_run_success - AssertionError
ERROR tests/test_runs_router.py::test_create_run_validation_error - Assertion...
ERROR tests/test_runs_router.py::test_get_run_status - AssertionError
ERROR tests/test_runs_router.py::test_cancel_run - AssertionError
ERROR tests/test_runs_router.py::test_stream_run_sse - AssertionError
ERROR tests/unit/test_active_model_provider.py::test_artifact_loader_sha256_mismatch
ERROR tests/unit/test_active_model_provider.py::test_artifact_loader_sha256_success
ERROR tests/unit/test_evidence_validator.py::test_evidence_validation_success
ERROR tests/unit/test_evidence_validator.py::test_evidence_validation_hallucination_raises_exception
======================== 5 warnings, 11 errors in 0.40s ========================
